This file contains any messages produced by compilers while
running configure, to aid debugging if configure makes a mistake.

It was created by PROJ.4 Projections configure 4.9.1, which was
generated by GNU Autoconf 2.69.  Invocation command line was

  $ ./configure --prefix=/home/jv/dev/spatiasql.js/src/install_bc --without-mutex --host=none-none-none

## --------- ##
## Platform. ##
## --------- ##

hostname = localhost.localdomain
uname -m = x86_64
uname -r = 3.19.2-pclos1
uname -s = Linux
uname -v = #1 SMP Wed Mar 18 14:14:22 CDT 2015

/usr/bin/uname -p = unknown
/bin/uname -X     = unknown

/bin/arch              = x86_64
/usr/bin/arch -k       = unknown
/usr/convex/getsysinfo = unknown
/usr/bin/hostinfo      = unknown
/bin/machine           = unknown
/usr/bin/oslevel       = unknown
/bin/universe          = unknown

PATH: /home/jv/dev/emsdk_portable/emscripten/master/system/bin
PATH: /usr/bin
PATH: /bin
PATH: /usr/local/bin
PATH: /usr/X11R6/bin/
PATH: /usr/games
PATH: /usr/lib/kde4/libexec
PATH: sbin
PATH: /usr/sbin
PATH: /usr/lib64/qt4/bin
PATH: /usr/lib64/qt5/bin
PATH: /usr/bin
PATH: /usr/sbin
PATH: /usr/lib64/kde4/libexec
PATH: /bin
PATH: /sbin
PATH: /usr/X11R6/bin
PATH: /usr/games
PATH: /usr/local/bin
PATH: /usr/local/sbin
PATH: /home/jv/dev/emsdk_portable/emscripten/master/
PATH: /home/jv/dev/scipoptsuite-3.1.0/scip-3.1.0/bin/
PATH: /home/jv/dev/scipoptsuite-3.1.0/zimpl-3.3.2/bin/
PATH: /home/jv/dev/scipoptsuite-3.1.0/ug-0.7.3/bin/
PATH: /home/jv/sage-6.3/local/bin/
PATH: /home/jv/usr/local/lib/node_modules/npm/bin/node-gyp-bin
PATH: /home/jv/bin
PATH: /usr/lib64/qt5/bin
PATH: /usr/bin
PATH: /usr/sbin
PATH: /usr/lib64/kde4/libexec
PATH: /bin
PATH: /sbin
PATH: /usr/X11R6/bin
PATH: /usr/games
PATH: /usr/local/bin
PATH: /usr/local/sbin
PATH: /home/jv/dev/emsdk_portable/emscripten/master/
PATH: /home/jv/dev/scipoptsuite-3.1.0/scip-3.1.0/bin/
PATH: /home/jv/dev/scipoptsuite-3.1.0/zimpl-3.3.2/bin/
PATH: /home/jv/dev/scipoptsuite-3.1.0/ug-0.7.3/bin/
PATH: /home/jv/sage-6.3/local/bin/
PATH: /home/jv/usr/local/lib/node_modules/npm/bin/node-gyp-bin


## ----------- ##
## Core tests. ##
## ----------- ##

configure:2271: checking for a BSD-compatible install
configure:2339: result: /usr/bin/install -c
configure:2350: checking whether build environment is sane
configure:2405: result: yes
configure:2443: WARNING: 'missing' script is too old or missing
configure:2464: checking for none-none-none-strip
configure:2494: result: no
configure:2504: checking for strip
configure:2520: found /usr/bin/strip
configure:2531: result: strip
configure:2556: checking for a thread-safe mkdir -p
configure:2595: result: /bin/mkdir -p
configure:2602: checking for gawk
configure:2618: found /usr/bin/gawk
configure:2629: result: gawk
configure:2640: checking whether make sets $(MAKE)
configure:2662: result: yes
configure:2691: checking whether make supports nested variables
configure:2708: result: yes
configure:2834: checking whether to enable maintainer-specific portions of Makefiles
configure:2843: result: no
configure:2871: checking for style of include used by make
configure:2899: result: GNU
configure:2930: checking for none-none-none-gcc
configure:2957: result: /home/jv/dev/emsdk_portable/emscripten/master/emcc
configure:3226: checking for C compiler version
configure:3235: /home/jv/dev/emsdk_portable/emscripten/master/emcc --version >&5
emcc (Emscripten GCC-like replacement) 1.31.0 (commit 01d531a5fabc58d9f83a628df5c5b43ecc5950d5)
Copyright (C) 2014 the Emscripten authors (see AUTHORS.txt)
This is free and open source software under the MIT license.
There is NO warranty; not even for MERCHANTABILITY or FITNESS FOR A PARTICULAR PURPOSE.
  
configure:3246: $? = 0
configure:3235: /home/jv/dev/emsdk_portable/emscripten/master/emcc -v >&5
emcc (Emscripten GCC-like replacement + linker emulating GNU ld ) 1.31.0
clang version 3.6.0 (https://github.com/kripken/emscripten-fastcomp-clang/ 1e87fd50b108143298407eb4b9a802cea4662937) (https://github.com/kripken/emscripten-fastcomp/ cb8b737f3d49e9edd214d5214db6ace92b5e68ea)
Target: x86_64-unknown-linux-gnu
Thread model: posix
INFO     root: [32m(Emscripten: Running sanity checks)[0m
configure:3246: $? = 0
configure:3235: /home/jv/dev/emsdk_portable/emscripten/master/emcc -V >&5
ERROR    root: [31mno input files
note that input files without a known suffix are ignored, make sure your input files end with one of: ('.c', '.C', '.cpp', '.cxx', '.cc', '.c++', '.CPP', '.CXX', '.CC', '.C++', '.m', '.mm', '.bc', '.o', '.obj', '.dylib', '.so', '.a', '.ll', '.h', '.hxx', '.hpp', '.hh', '.H', '.HXX', '.HPP', '.HH')[0m
configure:3246: $? = 0
configure:3235: /home/jv/dev/emsdk_portable/emscripten/master/emcc -qversion >&5
ERROR    root: [31mno input files
note that input files without a known suffix are ignored, make sure your input files end with one of: ('.c', '.C', '.cpp', '.cxx', '.cc', '.c++', '.CPP', '.CXX', '.CC', '.C++', '.m', '.mm', '.bc', '.o', '.obj', '.dylib', '.so', '.a', '.ll', '.h', '.hxx', '.hpp', '.hh', '.H', '.HXX', '.HPP', '.HH')[0m
configure:3246: $? = 0
configure:3266: checking whether the C compiler works
configure:3288: /home/jv/dev/emsdk_portable/emscripten/master/emcc    conftest.c  >&5
configure:3292: $? = 0
configure:3340: result: yes
configure:3343: checking for C compiler default output file name
configure:3345: result: a.out
configure:3351: checking for suffix of executables
configure:3358: /home/jv/dev/emsdk_portable/emscripten/master/emcc -o conftest    conftest.c  >&5
configure:3362: $? = 0
configure:3384: result: 
configure:3406: checking whether we are cross compiling
configure:3414: /home/jv/dev/emsdk_portable/emscripten/master/emcc -o conftest    conftest.c  >&5
/usr/bin/ld: cannot find crtbegin.o: No such file or directory
/usr/bin/ld: cannot find -lgcc
clang-3.6: error: linker command failed with exit code 1 (use -v to see invocation)
configure:3418: $? = 1
configure:3425: ./conftest
./configure: line 3427: ./conftest: No such file or directory
configure:3429: $? = 127
configure:3444: result: yes
configure:3449: checking for suffix of object files
configure:3471: /home/jv/dev/emsdk_portable/emscripten/master/emcc -c   conftest.c >&5
configure:3475: $? = 0
configure:3496: result: o
configure:3500: checking whether we are using the GNU C compiler
configure:3519: /home/jv/dev/emsdk_portable/emscripten/master/emcc -c   conftest.c >&5
configure:3519: $? = 0
configure:3528: result: yes
configure:3537: checking whether /home/jv/dev/emsdk_portable/emscripten/master/emcc accepts -g
configure:3557: /home/jv/dev/emsdk_portable/emscripten/master/emcc -c -g  conftest.c >&5
configure:3557: $? = 0
configure:3598: result: yes
configure:3615: checking for /home/jv/dev/emsdk_portable/emscripten/master/emcc option to accept ISO C89
configure:3678: /home/jv/dev/emsdk_portable/emscripten/master/emcc  -c   conftest.c >&5
configure:3678: $? = 0
configure:3691: result: none needed
configure:3716: checking whether /home/jv/dev/emsdk_portable/emscripten/master/emcc understands -c and -o together
configure:3738: /home/jv/dev/emsdk_portable/emscripten/master/emcc -c conftest.c -o conftest2.o
configure:3741: $? = 0
configure:3738: /home/jv/dev/emsdk_portable/emscripten/master/emcc -c conftest.c -o conftest2.o
configure:3741: $? = 0
configure:3753: result: yes
configure:3772: checking dependency style of /home/jv/dev/emsdk_portable/emscripten/master/emcc
configure:3883: result: gcc3
configure:3899: checking C_WFLAGS for maximum warnings
configure:3926: /home/jv/dev/emsdk_portable/emscripten/master/emcc -c  -pedantic -Wdeclaration-after-statement  -Wall -Wdeclaration-after-statement  conftest.c >&5
configure:3926: $? = 0
configure:3940: result: -Wall -Wdeclaration-after-statement
configure:3953: : C_WFLAGS="$C_WFLAGS $ac_cv_cflags_warn_all"
configure:3956: $? = 0
configure:3974: checking for none-none-none-gcc
configure:4001: result: /home/jv/dev/emsdk_portable/emscripten/master/emcc
configure:4270: checking for C compiler version
configure:4279: /home/jv/dev/emsdk_portable/emscripten/master/emcc --version >&5
emcc (Emscripten GCC-like replacement) 1.31.0 (commit 01d531a5fabc58d9f83a628df5c5b43ecc5950d5)
Copyright (C) 2014 the Emscripten authors (see AUTHORS.txt)
This is free and open source software under the MIT license.
There is NO warranty; not even for MERCHANTABILITY or FITNESS FOR A PARTICULAR PURPOSE.
  
configure:4290: $? = 0
configure:4279: /home/jv/dev/emsdk_portable/emscripten/master/emcc -v >&5
emcc (Emscripten GCC-like replacement + linker emulating GNU ld ) 1.31.0
clang version 3.6.0 (https://github.com/kripken/emscripten-fastcomp-clang/ 1e87fd50b108143298407eb4b9a802cea4662937) (https://github.com/kripken/emscripten-fastcomp/ cb8b737f3d49e9edd214d5214db6ace92b5e68ea)
Target: x86_64-unknown-linux-gnu
Thread model: posix
INFO     root: [32m(Emscripten: Running sanity checks)[0m
configure:4290: $? = 0
configure:4279: /home/jv/dev/emsdk_portable/emscripten/master/emcc -V >&5
ERROR    root: [31mno input files
note that input files without a known suffix are ignored, make sure your input files end with one of: ('.c', '.C', '.cpp', '.cxx', '.cc', '.c++', '.CPP', '.CXX', '.CC', '.C++', '.m', '.mm', '.bc', '.o', '.obj', '.dylib', '.so', '.a', '.ll', '.h', '.hxx', '.hpp', '.hh', '.H', '.HXX', '.HPP', '.HH')[0m
configure:4290: $? = 0
configure:4279: /home/jv/dev/emsdk_portable/emscripten/master/emcc -qversion >&5
ERROR    root: [31mno input files
note that input files without a known suffix are ignored, make sure your input files end with one of: ('.c', '.C', '.cpp', '.cxx', '.cc', '.c++', '.CPP', '.CXX', '.CC', '.C++', '.m', '.mm', '.bc', '.o', '.obj', '.dylib', '.so', '.a', '.ll', '.h', '.hxx', '.hpp', '.hh', '.H', '.HXX', '.HPP', '.HH')[0m
configure:4290: $? = 0
configure:4294: checking whether we are using the GNU C compiler
configure:4322: result: yes
configure:4331: checking whether /home/jv/dev/emsdk_portable/emscripten/master/emcc accepts -g
configure:4392: result: yes
configure:4409: checking for /home/jv/dev/emsdk_portable/emscripten/master/emcc option to accept ISO C89
configure:4485: result: none needed
configure:4510: checking whether /home/jv/dev/emsdk_portable/emscripten/master/emcc understands -c and -o together
configure:4547: result: yes
configure:4566: checking dependency style of /home/jv/dev/emsdk_portable/emscripten/master/emcc
configure:4677: result: gcc3
configure:4693: checking whether ln -s works
configure:4697: result: yes
configure:4704: checking whether make sets $(MAKE)
configure:4726: result: yes
configure:4764: checking build system type
configure:4778: result: x86_64-unknown-linux-gnu
configure:4798: checking host system type
configure:4811: result: none-none-none
configure:4852: checking how to print strings
configure:4879: result: printf
configure:4900: checking for a sed that does not truncate output
configure:4964: result: /bin/sed
configure:4982: checking for grep that handles long lines and -e
configure:5040: result: /bin/grep
configure:5045: checking for egrep
configure:5107: result: /bin/grep -E
configure:5112: checking for fgrep
configure:5174: result: /bin/grep -F
configure:5209: checking for ld used by /home/jv/dev/emsdk_portable/emscripten/master/emcc
ERROR    root: [31mno input files
note that input files without a known suffix are ignored, make sure your input files end with one of: ('.c', '.C', '.cpp', '.cxx', '.cc', '.c++', '.CPP', '.CXX', '.CC', '.C++', '.m', '.mm', '.bc', '.o', '.obj', '.dylib', '.so', '.a', '.ll', '.h', '.hxx', '.hpp', '.hh', '.H', '.HXX', '.HPP', '.HH')[0m
configure:5276: result: /home/jv/dev/emsdk_portable/emscripten/master/emcc
configure:5283: checking if the linker (/home/jv/dev/emsdk_portable/emscripten/master/emcc) is GNU ld
configure:5298: result: yes
configure:5310: checking for BSD- or MS-compatible name lister (nm)
configure:5359: result: no
configure:5373: checking for none-none-none-dumpbin
configure:5403: result: no
configure:5373: checking for none-none-none-link
configure:5403: result: no
configure:5417: checking for dumpbin
configure:5447: result: no
configure:5417: checking for link
configure:5433: found /bin/link
configure:5444: result: link -dump
configure:5460: WARNING: using cross tools not prefixed with host triplet
configure:5489: checking the name lister (nm) interface
configure:5496: /home/jv/dev/emsdk_portable/emscripten/master/emcc -c   conftest.c >&5
configure:5499: nm "conftest.o"
nm: conftest.o: File format not recognized
configure:5502: output
configure:5509: result: BSD nm
configure:5513: checking the maximum length of command line arguments
configure:5644: result: 1572864
configure:5661: checking whether the shell understands some XSI constructs
configure:5671: result: yes
configure:5675: checking whether the shell understands "+="
configure:5681: result: yes
configure:5716: checking how to convert x86_64-unknown-linux-gnu file names to none-none-none format
configure:5756: result: func_convert_file_noop
configure:5763: checking how to convert x86_64-unknown-linux-gnu file names to toolchain format
configure:5783: result: func_convert_file_noop
configure:5790: checking for /home/jv/dev/emsdk_portable/emscripten/master/emcc option to reload object files
configure:5797: result: -r
configure:5831: checking for none-none-none-objdump
configure:5861: result: no
configure:5871: checking for objdump
configure:5887: found /usr/bin/objdump
configure:5898: result: objdump
configure:5930: checking how to recognize dependent libraries
configure:6128: result: unknown
configure:6173: checking for none-none-none-dlltool
configure:6203: result: no
configure:6213: checking for dlltool
configure:6243: result: no
configure:6273: checking how to associate runtime and link libraries
configure:6300: result: printf %s\n
configure:6316: checking for none-none-none-ar
configure:6343: result: /home/jv/dev/emsdk_portable/emscripten/master/emar
configure:6424: checking for archiver @FILE support
configure:6441: /home/jv/dev/emsdk_portable/emscripten/master/emcc -c   conftest.c >&5
configure:6441: $? = 0
configure:6444: /home/jv/dev/emsdk_portable/emscripten/master/emar cru libconftest.a @conftest.lst >&5
configure:6447: $? = 0
configure:6452: /home/jv/dev/emsdk_portable/emscripten/master/emar cru libconftest.a @conftest.lst >&5
/home/jv/dev/emsdk_portable/clang/fastcomp/build_master_64/bin/llvm-ar: conftest.o: No such file or directory.
configure:6455: $? = 0
configure:6467: result: no
configure:6485: checking for none-none-none-strip
configure:6512: result: strip
configure:6584: checking for none-none-none-ranlib
configure:6611: result: /home/jv/dev/emsdk_portable/emscripten/master/emranlib
configure:6753: checking command to parse nm output from /home/jv/dev/emsdk_portable/emscripten/master/emcc object
configure:6873: /home/jv/dev/emsdk_portable/emscripten/master/emcc -c   conftest.c >&5
configure:6876: $? = 0
configure:6880: nm conftest.o \| sed -n -e 's/^.*[ ]\([ABCDGIRSTW][ABCDGIRSTW]*\)[ ][ ]*\([_A-Za-z][_A-Za-z0-9]*\)$/\1 \2 \2/p' | sed '/ __gnu_lto/d' \> conftest.nm
nm: conftest.o: File format not recognized
configure:6883: $? = 0
cannot run sed -n -e 's/^.*[	 ]\([ABCDGIRSTW][ABCDGIRSTW]*\)[	 ][	 ]*\([_A-Za-z][_A-Za-z0-9]*\)$/\1 \2 \2/p' | sed '/ __gnu_lto/d'
configure:6873: /home/jv/dev/emsdk_portable/emscripten/master/emcc -c   conftest.c >&5
configure:6876: $? = 0
configure:6880: nm conftest.o \| sed -n -e 's/^.*[ ]\([ABCDGIRSTW][ABCDGIRSTW]*\)[ ][ ]*_\([_A-Za-z][_A-Za-z0-9]*\)$/\1 _\2 \2/p' | sed '/ __gnu_lto/d' \> conftest.nm
nm: conftest.o: File format not recognized
configure:6883: $? = 0
cannot run sed -n -e 's/^.*[	 ]\([ABCDGIRSTW][ABCDGIRSTW]*\)[	 ][	 ]*_\([_A-Za-z][_A-Za-z0-9]*\)$/\1 _\2 \2/p' | sed '/ __gnu_lto/d'
configure:6987: result: failed
configure:7027: checking for sysroot
configure:7057: result: no
configure:7286: checking for none-none-none-mt
configure:7316: result: no
configure:7326: checking for mt
configure:7356: result: no
configure:7376: checking if : is a manifest tool
configure:7382: : '-?'
configure:7390: result: no
configure:8032: checking how to run the C preprocessor
configure:8063: /home/jv/dev/emsdk_portable/emscripten/master/emcc -E  conftest.c
configure:8063: $? = 0
configure:8077: /home/jv/dev/emsdk_portable/emscripten/master/emcc -E  conftest.c
conftest.c:11:10: fatal error: 'ac_nonexistent.h' file not found
#include <ac_nonexistent.h>
         ^
1 error generated.
configure:8077: $? = 1
configure: failed program was:
| /* confdefs.h */
| #define PACKAGE_NAME "PROJ.4 Projections"
| #define PACKAGE_TARNAME "proj"
| #define PACKAGE_VERSION "4.9.1"
| #define PACKAGE_STRING "PROJ.4 Projections 4.9.1"
| #define PACKAGE_BUGREPORT "warmerdam@pobox.com"
| #define PACKAGE_URL ""
| #define PACKAGE "proj"
| #define VERSION "4.9.1"
| /* end confdefs.h.  */
| #include <ac_nonexistent.h>
configure:8102: result: /home/jv/dev/emsdk_portable/emscripten/master/emcc -E
configure:8122: /home/jv/dev/emsdk_portable/emscripten/master/emcc -E  conftest.c
configure:8122: $? = 0
configure:8136: /home/jv/dev/emsdk_portable/emscripten/master/emcc -E  conftest.c
conftest.c:11:10: fatal error: 'ac_nonexistent.h' file not found
#include <ac_nonexistent.h>
         ^
1 error generated.
configure:8136: $? = 1
configure: failed program was:
| /* confdefs.h */
| #define PACKAGE_NAME "PROJ.4 Projections"
| #define PACKAGE_TARNAME "proj"
| #define PACKAGE_VERSION "4.9.1"
| #define PACKAGE_STRING "PROJ.4 Projections 4.9.1"
| #define PACKAGE_BUGREPORT "warmerdam@pobox.com"
| #define PACKAGE_URL ""
| #define PACKAGE "proj"
| #define VERSION "4.9.1"
| /* end confdefs.h.  */
| #include <ac_nonexistent.h>
configure:8165: checking for ANSI C header files
configure:8185: /home/jv/dev/emsdk_portable/emscripten/master/emcc -c   conftest.c >&5
configure:8185: $? = 0
configure:8269: result: yes
configure:8282: checking for sys/types.h
configure:8282: /home/jv/dev/emsdk_portable/emscripten/master/emcc -c   conftest.c >&5
configure:8282: $? = 0
configure:8282: result: yes
configure:8282: checking for sys/stat.h
configure:8282: /home/jv/dev/emsdk_portable/emscripten/master/emcc -c   conftest.c >&5
configure:8282: $? = 0
configure:8282: result: yes
configure:8282: checking for stdlib.h
configure:8282: /home/jv/dev/emsdk_portable/emscripten/master/emcc -c   conftest.c >&5
configure:8282: $? = 0
configure:8282: result: yes
configure:8282: checking for string.h
configure:8282: /home/jv/dev/emsdk_portable/emscripten/master/emcc -c   conftest.c >&5
configure:8282: $? = 0
configure:8282: result: yes
configure:8282: checking for memory.h
configure:8282: /home/jv/dev/emsdk_portable/emscripten/master/emcc -c   conftest.c >&5
configure:8282: $? = 0
configure:8282: result: yes
configure:8282: checking for strings.h
configure:8282: /home/jv/dev/emsdk_portable/emscripten/master/emcc -c   conftest.c >&5
configure:8282: $? = 0
configure:8282: result: yes
configure:8282: checking for inttypes.h
configure:8282: /home/jv/dev/emsdk_portable/emscripten/master/emcc -c   conftest.c >&5
configure:8282: $? = 0
configure:8282: result: yes
configure:8282: checking for stdint.h
configure:8282: /home/jv/dev/emsdk_portable/emscripten/master/emcc -c   conftest.c >&5
configure:8282: $? = 0
configure:8282: result: yes
configure:8282: checking for unistd.h
configure:8282: /home/jv/dev/emsdk_portable/emscripten/master/emcc -c   conftest.c >&5
configure:8282: $? = 0
configure:8282: result: yes
configure:8296: checking for dlfcn.h
configure:8296: /home/jv/dev/emsdk_portable/emscripten/master/emcc -c   conftest.c >&5
configure:8296: $? = 0
configure:8296: result: yes
configure:8502: checking for objdir
configure:8517: result: .libs
configure:8788: checking if /home/jv/dev/emsdk_portable/emscripten/master/emcc supports -fno-rtti -fno-exceptions
configure:8806: /home/jv/dev/emsdk_portable/emscripten/master/emcc -c   -fno-rtti -fno-exceptions conftest.c >&5
configure:8810: $? = 0
configure:8823: result: yes
configure:9150: checking for /home/jv/dev/emsdk_portable/emscripten/master/emcc option to produce PIC
configure:9157: result: -fPIC -DPIC
configure:9165: checking if /home/jv/dev/emsdk_portable/emscripten/master/emcc PIC flag -fPIC -DPIC works
configure:9183: /home/jv/dev/emsdk_portable/emscripten/master/emcc -c   -fPIC -DPIC -DPIC conftest.c >&5
configure:9187: $? = 0
configure:9200: result: yes
configure:9229: checking if /home/jv/dev/emsdk_portable/emscripten/master/emcc static flag -static works
configure:9257: result: yes
configure:9272: checking if /home/jv/dev/emsdk_portable/emscripten/master/emcc supports -c -o file.o
configure:9293: /home/jv/dev/emsdk_portable/emscripten/master/emcc -c   -o out/conftest2.o conftest.c >&5
configure:9297: $? = 0
configure:9319: result: yes
configure:9327: checking if /home/jv/dev/emsdk_portable/emscripten/master/emcc supports -c -o file.o
configure:9374: result: yes
configure:9407: checking whether the /home/jv/dev/emsdk_portable/emscripten/master/emcc linker (/home/jv/dev/emsdk_portable/emscripten/master/emcc) supports shared libraries
configure:10564: result: yes
configure:10601: checking whether -lc should be explicitly linked in
configure:10609: /home/jv/dev/emsdk_portable/emscripten/master/emcc -c   conftest.c >&5
configure:10612: $? = 0
configure:10627: /home/jv/dev/emsdk_portable/emscripten/master/emcc -shared  -fPIC -DPIC conftest.o  -v -Wl,-soname -Wl,conftest -o conftest 2\>\&1 \| /bin/grep  -lc  \>/dev/null 2\>\&1
configure:10630: $? = 1
configure:10644: result: yes
configure:10804: checking dynamic linker characteristics
configure:11538: result: no
configure:11645: checking how to hardcode library paths into programs
configure:11670: result: immediate
configure:12210: checking whether stripping libraries is possible
configure:12215: result: yes
configure:12250: checking if libtool supports shared libraries
configure:12252: result: no
configure:12255: checking whether to build shared libraries
configure:12276: result: no
configure:12279: checking whether to build static libraries
configure:12283: result: yes
configure:12321: checking for exp in -lm
configure:12346: /home/jv/dev/emsdk_portable/emscripten/master/emcc -o conftest    conftest.c -lm   >&5
conftest.c:30:6: warning: incompatible redeclaration of library function 'exp' [-Wincompatible-library-redeclaration]
char exp ();
     ^
conftest.c:30:6: note: 'exp' is a builtin with type 'double (double)'
1 warning generated.
[0;33mwarning:[0m unexpected number of arguments 0 in call to 'exp', should be 1
configure:12346: $? = 0
configure:12355: result: yes
configure:12367: checking for ANSI C header files
configure:12471: result: yes
configure:12524: checking jni.h usability
configure:12524: /home/jv/dev/emsdk_portable/emscripten/master/emcc -c   conftest.c >&5
conftest.c:58:10: fatal error: 'jni.h' file not found
#include <jni.h>
         ^
1 error generated.
ERROR    root: [31mcompiler frontend failed to generate LLVM bitcode, halting[0m
configure:12524: $? = 1
configure: failed program was:
| /* confdefs.h */
| #define PACKAGE_NAME "PROJ.4 Projections"
| #define PACKAGE_TARNAME "proj"
| #define PACKAGE_VERSION "4.9.1"
| #define PACKAGE_STRING "PROJ.4 Projections 4.9.1"
| #define PACKAGE_BUGREPORT "warmerdam@pobox.com"
| #define PACKAGE_URL ""
| #define PACKAGE "proj"
| #define VERSION "4.9.1"
| #define STDC_HEADERS 1
| #define HAVE_SYS_TYPES_H 1
| #define HAVE_SYS_STAT_H 1
| #define HAVE_STDLIB_H 1
| #define HAVE_STRING_H 1
| #define HAVE_MEMORY_H 1
| #define HAVE_STRINGS_H 1
| #define HAVE_INTTYPES_H 1
| #define HAVE_STDINT_H 1
| #define HAVE_UNISTD_H 1
| #define HAVE_DLFCN_H 1
| #define LT_OBJDIR ".libs/"
| #define HAVE_LIBM 1
| #define STDC_HEADERS 1
| /* end confdefs.h.  */
| #include <stdio.h>
| #ifdef HAVE_SYS_TYPES_H
| # include <sys/types.h>
| #endif
| #ifdef HAVE_SYS_STAT_H
| # include <sys/stat.h>
| #endif
| #ifdef STDC_HEADERS
| # include <stdlib.h>
| # include <stddef.h>
| #else
| # ifdef HAVE_STDLIB_H
| #  include <stdlib.h>
| # endif
| #endif
| #ifdef HAVE_STRING_H
| # if !defined STDC_HEADERS && defined HAVE_MEMORY_H
| #  include <memory.h>
| # endif
| # include <string.h>
| #endif
| #ifdef HAVE_STRINGS_H
| # include <strings.h>
| #endif
| #ifdef HAVE_INTTYPES_H
| # include <inttypes.h>
| #endif
| #ifdef HAVE_STDINT_H
| # include <stdint.h>
| #endif
| #ifdef HAVE_UNISTD_H
| # include <unistd.h>
| #endif
| #include <jni.h>
configure:12524: result: no
configure:12524: checking jni.h presence
configure:12524: /home/jv/dev/emsdk_portable/emscripten/master/emcc -E  conftest.c
conftest.c:25:10: fatal error: 'jni.h' file not found
#include <jni.h>
         ^
1 error generated.
configure:12524: $? = 1
configure: failed program was:
| /* confdefs.h */
| #define PACKAGE_NAME "PROJ.4 Projections"
| #define PACKAGE_TARNAME "proj"
| #define PACKAGE_VERSION "4.9.1"
| #define PACKAGE_STRING "PROJ.4 Projections 4.9.1"
| #define PACKAGE_BUGREPORT "warmerdam@pobox.com"
| #define PACKAGE_URL ""
| #define PACKAGE "proj"
| #define VERSION "4.9.1"
| #define STDC_HEADERS 1
| #define HAVE_SYS_TYPES_H 1
| #define HAVE_SYS_STAT_H 1
| #define HAVE_STDLIB_H 1
| #define HAVE_STRING_H 1
| #define HAVE_MEMORY_H 1
| #define HAVE_STRINGS_H 1
| #define HAVE_INTTYPES_H 1
| #define HAVE_STDINT_H 1
| #define HAVE_UNISTD_H 1
| #define HAVE_DLFCN_H 1
| #define LT_OBJDIR ".libs/"
| #define HAVE_LIBM 1
| #define STDC_HEADERS 1
| /* end confdefs.h.  */
| #include <jni.h>
configure:12524: result: no
configure:12524: checking for jni.h
configure:12524: result: no
configure:12535: checking whether to enable Java/JNI support
configure:12539: result: disabled
configure:12568: checking for mutexes
configure:12621: result: disabled by user
configure:12738: checking that generated files are newer than configure
configure:12744: result: done
configure:12775: creating ./config.status

## ---------------------- ##
## Running config.status. ##
## ---------------------- ##

This file was extended by PROJ.4 Projections config.status 4.9.1, which was
generated by GNU Autoconf 2.69.  Invocation command line was

  CONFIG_FILES    = 
  CONFIG_HEADERS  = 
  CONFIG_LINKS    = 
  CONFIG_COMMANDS = 
  $ ./config.status 

on localhost.localdomain

config.status:1094: creating Makefile
config.status:1094: creating cmake/Makefile
config.status:1094: creating src/Makefile
config.status:1094: creating man/Makefile
config.status:1094: creating man/man1/Makefile
config.status:1094: creating man/man3/Makefile
config.status:1094: creating nad/Makefile
config.status:1094: creating jniwrap/Makefile
config.status:1094: creating jniwrap/org/Makefile
config.status:1094: creating jniwrap/org/proj4/Makefile
config.status:1094: creating src/proj_config.h
config.status:1275: src/proj_config.h is unchanged
config.status:1323: executing depfiles commands
config.status:1323: executing libtool commands
configure:15119: checking that generated files are newer than configure
configure:15125: result: done
configure:15160: creating ./config.status

## ---------------------- ##
## Running config.status. ##
## ---------------------- ##

This file was extended by PROJ.4 Projections config.status 4.9.1, which was
generated by GNU Autoconf 2.69.  Invocation command line was

  CONFIG_FILES    = 
  CONFIG_HEADERS  = 
  CONFIG_LINKS    = 
  CONFIG_COMMANDS = 
  $ ./config.status 

on localhost.localdomain

config.status:1096: creating Makefile
config.status:1096: creating cmake/Makefile
config.status:1096: creating src/Makefile
config.status:1096: creating man/Makefile
config.status:1096: creating man/man1/Makefile
config.status:1096: creating man/man3/Makefile
config.status:1096: creating nad/Makefile
config.status:1096: creating jniwrap/Makefile
config.status:1096: creating jniwrap/org/Makefile
config.status:1096: creating jniwrap/org/proj4/Makefile
config.status:1096: creating proj.pc
config.status:1096: creating src/proj_config.h
config.status:1277: src/proj_config.h is unchanged
config.status:1325: executing depfiles commands
config.status:1325: executing libtool commands

## ---------------- ##
## Cache variables. ##
## ---------------- ##

ac_cv_build=x86_64-unknown-linux-gnu
ac_cv_c_compiler_gnu=yes
ac_cv_cflags_warn_all='-Wall -Wdeclaration-after-statement'
ac_cv_env_CC_set=set
ac_cv_env_CC_value=/home/jv/dev/emsdk_portable/emscripten/master/emcc
ac_cv_env_CFLAGS_set=set
ac_cv_env_CFLAGS_value=
ac_cv_env_CPPFLAGS_set=
ac_cv_env_CPPFLAGS_value=
ac_cv_env_CPP_set=
ac_cv_env_CPP_value=
ac_cv_env_LDFLAGS_set=
ac_cv_env_LDFLAGS_value=
ac_cv_env_LIBS_set=
ac_cv_env_LIBS_value=
ac_cv_env_build_alias_set=
ac_cv_env_build_alias_value=
ac_cv_env_host_alias_set=set
ac_cv_env_host_alias_value=none-none-none
ac_cv_env_target_alias_set=
ac_cv_env_target_alias_value=
ac_cv_header_dlfcn_h=yes
ac_cv_header_inttypes_h=yes
ac_cv_header_jni_h=no
ac_cv_header_memory_h=yes
ac_cv_header_stdc=yes
ac_cv_header_stdint_h=yes
ac_cv_header_stdlib_h=yes
ac_cv_header_string_h=yes
ac_cv_header_strings_h=yes
ac_cv_header_sys_stat_h=yes
ac_cv_header_sys_types_h=yes
ac_cv_header_unistd_h=yes
ac_cv_host=none-none-none
ac_cv_lib_m_exp=yes
ac_cv_objext=o
ac_cv_path_EGREP='/bin/grep -E'
ac_cv_path_FGREP='/bin/grep -F'
ac_cv_path_GREP=/bin/grep
ac_cv_path_SED=/bin/sed
ac_cv_path_install='/usr/bin/install -c'
ac_cv_path_mkdir=/bin/mkdir
ac_cv_prog_AR=/home/jv/dev/emsdk_portable/emscripten/master/emar
ac_cv_prog_AWK=gawk
ac_cv_prog_CC=/home/jv/dev/emsdk_portable/emscripten/master/emcc
ac_cv_prog_CPP='/home/jv/dev/emsdk_portable/emscripten/master/emcc -E'
ac_cv_prog_RANLIB=/home/jv/dev/emsdk_portable/emscripten/master/emranlib
ac_cv_prog_STRIP=strip
ac_cv_prog_ac_ct_DUMPBIN='link -dump'
ac_cv_prog_ac_ct_OBJDUMP=objdump
ac_cv_prog_ac_ct_STRIP=strip
ac_cv_prog_cc_c89=
ac_cv_prog_cc_g=yes
ac_cv_prog_make_make_set=yes
am_cv_CC_dependencies_compiler_type=gcc3
am_cv_make_support_nested_variables=yes
am_cv_prog_cc_c_o=yes
lt_cv_ar_at_file=no
lt_cv_archive_cmds_need_lc=yes
lt_cv_deplibs_check_method=unknown
lt_cv_file_magic_cmd='$MAGIC_CMD'
lt_cv_file_magic_test_file=
lt_cv_ld_reload_flag=-r
lt_cv_nm_interface='BSD nm'
lt_cv_objdir=.libs
lt_cv_path_LD=/home/jv/dev/emsdk_portable/emscripten/master/emcc
lt_cv_path_NM=no
lt_cv_path_mainfest_tool=no
lt_cv_prog_compiler_c_o=yes
lt_cv_prog_compiler_pic='-fPIC -DPIC'
lt_cv_prog_compiler_pic_works=yes
lt_cv_prog_compiler_rtti_exceptions=yes
lt_cv_prog_compiler_static_works=yes
lt_cv_prog_gnu_ld=yes
lt_cv_sharedlib_from_linklib_cmd='printf %s\n'
lt_cv_sys_global_symbol_pipe=
lt_cv_sys_global_symbol_to_c_name_address='sed -n -e '\''s/^: \([^ ]*\)[ ]*$/  {\"\1\", (void *) 0},/p'\'' -e '\''s/^[ABCDGIRSTW]* \([^ ]*\) \([^ ]*\)$/  {"\2", (void *) \&\2},/p'\'''
lt_cv_sys_global_symbol_to_c_name_address_lib_prefix='sed -n -e '\''s/^: \([^ ]*\)[ ]*$/  {\"\1\", (void *) 0},/p'\'' -e '\''s/^[ABCDGIRSTW]* \([^ ]*\) \(lib[^ ]*\)$/  {"\2", (void *) \&\2},/p'\'' -e '\''s/^[ABCDGIRSTW]* \([^ ]*\) \([^ ]*\)$/  {"lib\2", (void *) \&\2},/p'\'''
lt_cv_sys_global_symbol_to_cdecl=
lt_cv_sys_max_cmd_len=1572864
lt_cv_to_host_file_cmd=func_convert_file_noop
lt_cv_to_tool_file_cmd=func_convert_file_noop

## ----------------- ##
## Output variables. ##
## ----------------- ##

ACLOCAL='aclocal-1.14'
AMDEPBACKSLASH='\'
AMDEP_FALSE='#'
AMDEP_TRUE=''
AMTAR='$${TAR-tar}'
AM_BACKSLASH='\'
AM_DEFAULT_V='$(AM_DEFAULT_VERBOSITY)'
AM_DEFAULT_VERBOSITY='1'
AM_V='$(V)'
AR='/home/jv/dev/emsdk_portable/emscripten/master/emar'
AUTOCONF='autoconf'
AUTOHEADER='autoheader'
AUTOMAKE='automake-1.14'
AWK='gawk'
CC='/home/jv/dev/emsdk_portable/emscripten/master/emcc'
CCDEPMODE='depmode=gcc3'
CFLAGS=''
CPP='/home/jv/dev/emsdk_portable/emscripten/master/emcc -E'
CPPFLAGS=''
CYGPATH_W='echo'
C_WFLAGS=' -Wall -Wdeclaration-after-statement'
DEFS='-DHAVE_CONFIG_H'
DEPDIR='.deps'
DLLTOOL='false'
DSYMUTIL=''
DUMPBIN=':'
ECHO_C=''
ECHO_N='-n'
ECHO_T=''
EGREP='/bin/grep -E'
EXEEXT=''
FGREP='/bin/grep -F'
GREP='/bin/grep'
INSTALL_DATA='${INSTALL} -m 644'
INSTALL_PROGRAM='${INSTALL}'
INSTALL_SCRIPT='${INSTALL}'
INSTALL_STRIP_PROGRAM='$(install_sh) -c -s'
JNI_INCLUDE=''
LD='/home/jv/dev/emsdk_portable/emscripten/master/emcc'
LDFLAGS=''
LIBOBJS=''
LIBS='-lm '
LIBTOOL='$(SHELL) $(top_builddir)/libtool'
LIPO=''
LN_S='ln -s'
LTLIBOBJS=''
MAINT='#'
MAINTAINER_MODE_FALSE=''
MAINTAINER_MODE_TRUE='#'
MAKEINFO='makeinfo'
MANIFEST_TOOL=':'
MKDIR_P='/bin/mkdir -p'
MUTEX_SETTING='stub'
NM='nm'
NMEDIT=''
OBJDUMP='objdump'
OBJEXT='o'
OTOOL64=''
OTOOL=''
PACKAGE='proj'
PACKAGE_BUGREPORT='warmerdam@pobox.com'
PACKAGE_NAME='PROJ.4 Projections'
PACKAGE_STRING='PROJ.4 Projections 4.9.1'
PACKAGE_TARNAME='proj'
PACKAGE_URL=''
PACKAGE_VERSION='4.9.1'
PATH_SEPARATOR=':'
RANLIB='/home/jv/dev/emsdk_portable/emscripten/master/emranlib'
SED='/bin/sed'
SET_MAKE=''
SHELL='/bin/sh'
STRIP='strip'
VERSION='4.9.1'
ac_ct_AR=''
ac_ct_CC=''
ac_ct_DUMPBIN='link -dump'
am__EXEEXT_FALSE=''
am__EXEEXT_TRUE='#'
am__fastdepCC_FALSE='#'
am__fastdepCC_TRUE=''
am__include='include'
am__isrc=''
am__leading_dot='.'
am__nodep='_no'
am__quote=''
am__tar='$${TAR-tar} chof - "$$tardir"'
am__untar='$${TAR-tar} xf -'
bindir='${exec_prefix}/bin'
build='x86_64-unknown-linux-gnu'
build_alias=''
build_cpu='x86_64'
build_os='linux-gnu'
build_vendor='unknown'
datadir='${datarootdir}'
datarootdir='${prefix}/share'
docdir='${datarootdir}/doc/${PACKAGE_TARNAME}'
dvidir='${docdir}'
exec_prefix='${prefix}'
host='none-none-none'
host_alias='none-none-none'
host_cpu='none'
host_os='none'
host_vendor='none'
htmldir='${docdir}'
includedir='${prefix}/include'
infodir='${datarootdir}/info'
install_sh='${SHELL} /home/jv/dev/spatiasql.js/src/proj/install-sh'
libdir='${exec_prefix}/lib'
libexecdir='${exec_prefix}/libexec'
localedir='${datarootdir}/locale'
localstatedir='${prefix}/var'
mandir='${datarootdir}/man'
mkdir_p='$(MKDIR_P)'
oldincludedir='/usr/include'
pdfdir='${docdir}'
prefix='/home/jv/dev/spatiasql.js/src/install_bc'
program_transform_name='s,x,x,'
psdir='${docdir}'
sbindir='${exec_prefix}/sbin'
sharedstatedir='${prefix}/com'
sysconfdir='${prefix}/etc'
target_alias=''

## ----------- ##
## confdefs.h. ##
## ----------- ##

/* confdefs.h */
#define PACKAGE_NAME "PROJ.4 Projections"
#define PACKAGE_TARNAME "proj"
#define PACKAGE_VERSION "4.9.1"
#define PACKAGE_STRING "PROJ.4 Projections 4.9.1"
#define PACKAGE_BUGREPORT "warmerdam@pobox.com"
#define PACKAGE_URL ""
#define PACKAGE "proj"
#define VERSION "4.9.1"
#define STDC_HEADERS 1
#define HAVE_SYS_TYPES_H 1
#define HAVE_SYS_STAT_H 1
#define HAVE_STDLIB_H 1
#define HAVE_STRING_H 1
#define HAVE_MEMORY_H 1
#define HAVE_STRINGS_H 1
#define HAVE_INTTYPES_H 1
#define HAVE_STDINT_H 1
#define HAVE_UNISTD_H 1
#define HAVE_DLFCN_H 1
#define LT_OBJDIR ".libs/"
#define HAVE_LIBM 1
#define STDC_HEADERS 1

configure: exit 0
